<?xml version="1.0" encoding="UTF-8"?>
<!-- Generated by org.testng.reporters.JUnitXMLReporter -->
<testsuite ignored="10" hostname="LAPTOP-C2B6RDT2" failures="8" tests="8" name="Default test(failed)" time="7.698" errors="0" timestamp="2022-08-24T18:45:40 IST">
  <testcase classname="LoginTest.TestClass1" name="SelectModerateRiskProfile" time="0.022">
    <failure type="java.lang.NullPointerException">
      <![CDATA[java.lang.NullPointerException
at LoginTest.TestClass1.SelectModerateRiskProfile(TestClass1.java:66)
at java.base/java.util.ArrayList.forEach(ArrayList.java:1541)
... Removed 27 stack frames]]>
    </failure>
  </testcase> <!-- SelectModerateRiskProfile -->
  <testcase classname="LoginTest.TestClass1" name="UnlockFullPortfolio" time="0.015">
    <failure type="java.lang.NullPointerException">
      <![CDATA[java.lang.NullPointerException
at LoginTest.TestClass1.UnlockFullPortfolio(TestClass1.java:102)
at java.base/java.util.ArrayList.forEach(ArrayList.java:1541)
... Removed 27 stack frames]]>
    </failure>
  </testcase> <!-- UnlockFullPortfolio -->
  <testcase classname="LoginTest.TestClass1" name="ClickOnProcedtoPay" time="0.0">
    <failure type="java.lang.NullPointerException">
      <![CDATA[java.lang.NullPointerException
at LoginTest.TestClass1.ClickOnProcedtoPay(TestClass1.java:108)
at java.base/java.util.ArrayList.forEach(ArrayList.java:1541)
... Removed 27 stack frames]]>
    </failure>
  </testcase> <!-- ClickOnProcedtoPay -->
  <testcase classname="LoginTest.TestClass1" name="PaymentMethodCard" time="0.002">
    <failure type="java.lang.NullPointerException">
      <![CDATA[java.lang.NullPointerException
at LoginTest.TestClass1.PaymentMethodCard(TestClass1.java:114)
at java.base/java.util.ArrayList.forEach(ArrayList.java:1541)
... Removed 27 stack frames]]>
    </failure>
  </testcase> <!-- PaymentMethodCard -->
  <testcase classname="LoginTest.TestClass1" name="EnterCardNumber" time="0.006">
    <failure type="java.lang.NullPointerException">
      <![CDATA[java.lang.NullPointerException
at LoginTest.TestClass1.EnterCardNumber(TestClass1.java:119)
at java.base/java.util.ArrayList.forEach(ArrayList.java:1541)
... Removed 27 stack frames]]>
    </failure>
  </testcase> <!-- EnterCardNumber -->
  <testcase classname="LoginTest.TestClass1" name="EnterExpiryDate" time="0.004">
    <failure type="java.lang.NullPointerException">
      <![CDATA[java.lang.NullPointerException
at LoginTest.TestClass1.EnterExpiryDate(TestClass1.java:124)
at java.base/java.util.ArrayList.forEach(ArrayList.java:1541)
... Removed 27 stack frames]]>
    </failure>
  </testcase> <!-- EnterExpiryDate -->
  <testcase classname="LoginTest.TestClass1" name="EnterCVV" time="0.006">
    <failure type="java.lang.NullPointerException">
      <![CDATA[java.lang.NullPointerException
at LoginTest.TestClass1.EnterCVV(TestClass1.java:130)
at java.base/java.util.ArrayList.forEach(ArrayList.java:1541)
... Removed 27 stack frames]]>
    </failure>
  </testcase> <!-- EnterCVV -->
  <testcase classname="LoginTest.TestClass1" name="ClickOnProceedtoPay" time="0.0">
    <failure type="java.lang.NullPointerException">
      <![CDATA[java.lang.NullPointerException
at LoginTest.TestClass1.ClickOnProceedtoPay(TestClass1.java:136)
at java.base/java.util.ArrayList.forEach(ArrayList.java:1541)
... Removed 27 stack frames]]>
    </failure>
  </testcase> <!-- ClickOnProceedtoPay -->
  <testcase classname="LoginTest.TestClass1" name="SelectEquityStrategy" time="0.0">
    <ignored/>
  </testcase> <!-- SelectEquityStrategy -->
  <testcase classname="LoginTest.TestClass1" name="LoginPage" time="0.0">
    <ignored/>
  </testcase> <!-- LoginPage -->
  <testcase classname="LoginTest.TestClass1" name="SelectCheckBox" time="0.0">
    <ignored/>
  </testcase> <!-- SelectCheckBox -->
  <testcase classname="LoginTest.TestClass1" name="SelectYear" time="0.0">
    <ignored/>
  </testcase> <!-- SelectYear -->
  <testcase classname="LoginTest.TestClass1" name="SelectCreateMyPortfolio" time="0.0">
    <ignored/>
  </testcase> <!-- SelectCreateMyPortfolio -->
  <testcase classname="LoginTest.TestClass1" name="Openbrowser" time="0.0">
    <ignored/>
  </testcase> <!-- Openbrowser -->
  <testcase classname="LoginTest.TestClass1" name="SelectConfirmInvestmentStrategy" time="0.0">
    <ignored/>
  </testcase> <!-- SelectConfirmInvestmentStrategy -->
  <testcase classname="LoginTest.TestClass1" name="SelectOptions" time="0.0">
    <ignored/>
  </testcase> <!-- SelectOptions -->
  <testcase classname="LoginTest.TestClass1" name="ClickOnStartInvesting" time="0.0">
    <ignored/>
  </testcase> <!-- ClickOnStartInvesting -->
  <testcase classname="LoginTest.TestClass1" name="ClickonChangeMyRiskProfile" time="0.0">
    <ignored/>
  </testcase> <!-- ClickonChangeMyRiskProfile -->
</testsuite> <!-- Default test(failed) -->
